Added Component: Designator=JP1(D0603)
Added Component: Designator=JP2(D0603)
Added Component: Designator=JP3(D0603)
Added Component: Designator=JP4(D0603)
Added Component: Designator=JP5(D0603)
Added Component: Designator=JP6(D0603)
Added Component: Designator=JP7(D0603)
Added Component: Designator=JP8(D0603)
Added Component: Designator=JP9(D0603)
Added Component: Designator=JP10(D0603)
Added Component: Designator=JP11(D0603)
Added Component: Designator=JP12(D0603)
Added Component: Designator=JP13(D0603)
Added Component: Designator=M1(GPS Module)
Added Component: Designator=M2(MCU6050)
Added Component: Designator=P10(HDR1X5)
Added Component: Designator=P11(HDR1X8)
Added Component: Designator=P12(HDR1X15)
Added Component: Designator=P13(HDR1X15)
Added Component: Designator=P14(HDR1X15)
Added Component: Designator=P15(HDR1X15)
Added Component: Designator=Q0(SOT23)
Added Component: Designator=Q1(SOT23)
Added Component: Designator=Q2(SOT23)
Added Component: Designator=Q3(SOT23)
Added Component: Designator=Q4(SOT23)
Added Component: Designator=Q5(SOT23)
Added Component: Designator=Q6(SOT23)
Added Component: Designator=Q7(SOT23)
Added Component: Designator=Q8(SOT23)
Added Component: Designator=R01(D0603)
Added Component: Designator=R02(D0603)
Added Component: Designator=R03(D0603)
Added Component: Designator=R04(D0603)
Added Component: Designator=Rl1(D0603)
Added Component: Designator=Rl2(D0603)
Added Component: Designator=Rl3(D0603)
Added Component: Designator=Rl4(D0603)
Added Component: Designator=Rl5(D0603)
Added Component: Designator=Rl6(D0603)
Added Component: Designator=Rl7(D0603)
Added Component: Designator=Rl8(D0603)
Added Component: Designator=S1(SPST-2)
Added Component: Designator=U0(Arduino nano)
Added Component: Designator=U9(751B-05_N)
Added Pin To Net: NetName=NetJP1_1 Pin=JP1-1
Added Pin To Net: NetName=SHCP Pin=JP1-2
Added Pin To Net: NetName=NetJP2_1 Pin=JP2-1
Added Pin To Net: NetName=STCP Pin=JP2-2
Added Pin To Net: NetName=NetJP3_1 Pin=JP3-1
Added Pin To Net: NetName=RST Pin=JP3-2
Added Pin To Net: NetName=NetJP4_1 Pin=JP4-1
Added Pin To Net: NetName=SDIN Pin=JP4-2
Added Pin To Net: NetName=NetJP5_1 Pin=JP5-1
Added Pin To Net: NetName=A0 Pin=JP5-2
Added Pin To Net: NetName=NetJP6_1 Pin=JP6-1
Added Pin To Net: NetName=A1 Pin=JP6-2
Added Pin To Net: NetName=NetJP7_1 Pin=JP7-1
Added Pin To Net: NetName=A2 Pin=JP7-2
Added Pin To Net: NetName=NetJP8_1 Pin=JP8-1
Added Pin To Net: NetName=DIM_PWM Pin=JP8-2
Added Pin To Net: NetName=5V_0 Pin=JP9-1
Added Pin To Net: NetName=5V Pin=JP9-2
Added Pin To Net: NetName=NetJP10_1 Pin=JP10-1
Added Pin To Net: NetName=STX Pin=JP10-2
Added Pin To Net: NetName=NetJP11_1 Pin=JP11-1
Added Pin To Net: NetName=SRX Pin=JP11-2
Added Pin To Net: NetName=NetJP12_1 Pin=JP12-1
Added Pin To Net: NetName=SCL Pin=JP12-2
Added Pin To Net: NetName=NetJP13_1 Pin=JP13-1
Added Pin To Net: NetName=SDA Pin=JP13-2
Added Pin To Net: NetName=NetM1_1 Pin=M1-1
Added Pin To Net: NetName=NetJP10_1 Pin=M1-2
Added Pin To Net: NetName=NetJP11_1 Pin=M1-3
Added Pin To Net: NetName=GND Pin=M1-4
Added Pin To Net: NetName=5V_0 Pin=M1-5
Added Pin To Net: NetName=5V_0 Pin=M2-1
Added Pin To Net: NetName=GND Pin=M2-2
Added Pin To Net: NetName=NetJP12_1 Pin=M2-3
Added Pin To Net: NetName=NetJP13_1 Pin=M2-4
Added Pin To Net: NetName=NetM2_5 Pin=M2-5
Added Pin To Net: NetName=NetM2_6 Pin=M2-6
Added Pin To Net: NetName=NetM2_7 Pin=M2-7
Added Pin To Net: NetName=NetM2_8 Pin=M2-8
Added Pin To Net: NetName=5V_0 Pin=P10-1
Added Pin To Net: NetName=STX Pin=P10-2
Added Pin To Net: NetName=SRX Pin=P10-3
Added Pin To Net: NetName=NetM1_1 Pin=P10-4
Added Pin To Net: NetName=GND Pin=P10-5
Added Pin To Net: NetName=5V_0 Pin=P11-1
Added Pin To Net: NetName=SCL Pin=P11-2
Added Pin To Net: NetName=SDA Pin=P11-3
Added Pin To Net: NetName=NetM2_5 Pin=P11-4
Added Pin To Net: NetName=NetM2_6 Pin=P11-5
Added Pin To Net: NetName=NetM2_7 Pin=P11-6
Added Pin To Net: NetName=NetM2_8 Pin=P11-7
Added Pin To Net: NetName=GND Pin=P11-8
Added Pin To Net: NetName=VCC Pin=P12-1
Added Pin To Net: NetName=GND Pin=P12-2
Added Pin To Net: NetName=NetP12_3 Pin=P12-3
Added Pin To Net: NetName=5V_0 Pin=P12-4
Added Pin To Net: NetName=NetP12_5 Pin=P12-5
Added Pin To Net: NetName=NetP12_6 Pin=P12-6
Added Pin To Net: NetName=SCL Pin=P12-7
Added Pin To Net: NetName=SDA Pin=P12-8
Added Pin To Net: NetName=NetP12_9 Pin=P12-9
Added Pin To Net: NetName=NetP12_10 Pin=P12-10
Added Pin To Net: NetName=NetP12_11 Pin=P12-11
Added Pin To Net: NetName=NetP12_12 Pin=P12-12
Added Pin To Net: NetName=NetP12_13 Pin=P12-13
Added Pin To Net: NetName=NetP12_14 Pin=P12-14
Added Pin To Net: NetName=NetP12_15 Pin=P12-15
Added Pin To Net: NetName=NetP13_1 Pin=P13-1
Added Pin To Net: NetName=NetP13_2 Pin=P13-2
Added Pin To Net: NetName=NetP13_3 Pin=P13-3
Added Pin To Net: NetName=GND Pin=P13-4
Added Pin To Net: NetName=INT_DATA Pin=P13-5
Added Pin To Net: NetName=INT_KEY Pin=P13-6
Added Pin To Net: NetName=D_STATUS Pin=P13-7
Added Pin To Net: NetName=NetP13_8 Pin=P13-8
Added Pin To Net: NetName=NetP13_9 Pin=P13-9
Added Pin To Net: NetName=NetP13_10 Pin=P13-10
Added Pin To Net: NetName=NetP13_11 Pin=P13-11
Added Pin To Net: NetName=SRX Pin=P13-12
Added Pin To Net: NetName=STX Pin=P13-13
Added Pin To Net: NetName=D_TX Pin=P13-14
Added Pin To Net: NetName=D_RX Pin=P13-15
Added Pin To Net: NetName=VCC Pin=P14-1
Added Pin To Net: NetName=GND Pin=P14-2
Added Pin To Net: NetName=NetP14_3 Pin=P14-3
Added Pin To Net: NetName=5V Pin=P14-4
Added Pin To Net: NetName=NetP14_5 Pin=P14-5
Added Pin To Net: NetName=NetP14_6 Pin=P14-6
Added Pin To Net: NetName=SCL Pin=P14-7
Added Pin To Net: NetName=SDA Pin=P14-8
Added Pin To Net: NetName=NetP14_9 Pin=P14-9
Added Pin To Net: NetName=A2 Pin=P14-10
Added Pin To Net: NetName=A1 Pin=P14-11
Added Pin To Net: NetName=A0 Pin=P14-12
Added Pin To Net: NetName=NetP14_13 Pin=P14-13
Added Pin To Net: NetName=NetP14_14 Pin=P14-14
Added Pin To Net: NetName=NetP14_15 Pin=P14-15
Added Pin To Net: NetName=NetP15_1 Pin=P15-1
Added Pin To Net: NetName=NetP15_2 Pin=P15-2
Added Pin To Net: NetName=NetP15_3 Pin=P15-3
Added Pin To Net: NetName=GND Pin=P15-4
Added Pin To Net: NetName=INT_DATA Pin=P15-5
Added Pin To Net: NetName=NetP15_6 Pin=P15-6
Added Pin To Net: NetName=SDIN Pin=P15-7
Added Pin To Net: NetName=STCP Pin=P15-8
Added Pin To Net: NetName=SHCP Pin=P15-9
Added Pin To Net: NetName=RST Pin=P15-10
Added Pin To Net: NetName=D_STATUS Pin=P15-11
Added Pin To Net: NetName=D_RX Pin=P15-12
Added Pin To Net: NetName=D_TX Pin=P15-13
Added Pin To Net: NetName=DIM_PWM Pin=P15-14
Added Pin To Net: NetName=NetP15_15 Pin=P15-15
Added Pin To Net: NetName=NetQ0_1 Pin=Q0-1
Added Pin To Net: NetName=V_LAY Pin=Q0-2
Added Pin To Net: NetName=VCC Pin=Q0-3
Added Pin To Net: NetName=NetQ1_1 Pin=Q1-1
Added Pin To Net: NetName=L1 Pin=Q1-2
Added Pin To Net: NetName=V_LAY Pin=Q1-3
Added Pin To Net: NetName=NetQ2_1 Pin=Q2-1
Added Pin To Net: NetName=L2 Pin=Q2-2
Added Pin To Net: NetName=V_LAY Pin=Q2-3
Added Pin To Net: NetName=NetQ3_1 Pin=Q3-1
Added Pin To Net: NetName=L3 Pin=Q3-2
Added Pin To Net: NetName=V_LAY Pin=Q3-3
Added Pin To Net: NetName=NetQ4_1 Pin=Q4-1
Added Pin To Net: NetName=L4 Pin=Q4-2
Added Pin To Net: NetName=V_LAY Pin=Q4-3
Added Pin To Net: NetName=NetQ5_1 Pin=Q5-1
Added Pin To Net: NetName=L5 Pin=Q5-2
Added Pin To Net: NetName=V_LAY Pin=Q5-3
Added Pin To Net: NetName=NetQ6_1 Pin=Q6-1
Added Pin To Net: NetName=L6 Pin=Q6-2
Added Pin To Net: NetName=V_LAY Pin=Q6-3
Added Pin To Net: NetName=NetQ7_1 Pin=Q7-1
Added Pin To Net: NetName=L7 Pin=Q7-2
Added Pin To Net: NetName=V_LAY Pin=Q7-3
Added Pin To Net: NetName=NetQ8_1 Pin=Q8-1
Added Pin To Net: NetName=L8 Pin=Q8-2
Added Pin To Net: NetName=V_LAY Pin=Q8-3
Added Pin To Net: NetName=NetJP3_1 Pin=R0-1
Added Pin To Net: NetName=5V Pin=R0-2
Added Pin To Net: NetName=D01 Pin=R1-1
Added Pin To Net: NetName=INT_KEY Pin=R01-1
Added Pin To Net: NetName=5V_0 Pin=R01-2
Added Pin To Net: NetName=NetR1_2 Pin=R1-2
Added Pin To Net: NetName=D02 Pin=R2-1
Added Pin To Net: NetName=NetQ0_1 Pin=R02-1
Added Pin To Net: NetName=NetJP8_1 Pin=R02-2
Added Pin To Net: NetName=NetR2_2 Pin=R2-2
Added Pin To Net: NetName=D03 Pin=R3-1
Added Pin To Net: NetName=SDA Pin=R03-1
Added Pin To Net: NetName=5V_0 Pin=R03-2
Added Pin To Net: NetName=NetR3_2 Pin=R3-2
Added Pin To Net: NetName=D04 Pin=R4-1
Added Pin To Net: NetName=SCL Pin=R04-1
Added Pin To Net: NetName=5V_0 Pin=R04-2
Added Pin To Net: NetName=NetR4_2 Pin=R4-2
Added Pin To Net: NetName=D05 Pin=R5-1
Added Pin To Net: NetName=NetR5_2 Pin=R5-2
Added Pin To Net: NetName=D06 Pin=R6-1
Added Pin To Net: NetName=NetR6_2 Pin=R6-2
Added Pin To Net: NetName=D07 Pin=R7-1
Added Pin To Net: NetName=NetR7_2 Pin=R7-2
Added Pin To Net: NetName=D08 Pin=R8-1
Added Pin To Net: NetName=NetR8_2 Pin=R8-2
Added Pin To Net: NetName=D09 Pin=R9-1
Added Pin To Net: NetName=NetR9_2 Pin=R9-2
Added Pin To Net: NetName=D10 Pin=R10-1
Added Pin To Net: NetName=NetR10_2 Pin=R10-2
Added Pin To Net: NetName=D11 Pin=R11-1
Added Pin To Net: NetName=NetR11_2 Pin=R11-2
Added Pin To Net: NetName=D12 Pin=R12-1
Added Pin To Net: NetName=NetR12_2 Pin=R12-2
Added Pin To Net: NetName=D13 Pin=R13-1
Added Pin To Net: NetName=NetR13_2 Pin=R13-2
Added Pin To Net: NetName=D14 Pin=R14-1
Added Pin To Net: NetName=NetR14_2 Pin=R14-2
Added Pin To Net: NetName=D15 Pin=R15-1
Added Pin To Net: NetName=NetR15_2 Pin=R15-2
Added Pin To Net: NetName=D16 Pin=R16-1
Added Pin To Net: NetName=NetR16_2 Pin=R16-2
Added Pin To Net: NetName=D17 Pin=R17-1
Added Pin To Net: NetName=NetR17_2 Pin=R17-2
Added Pin To Net: NetName=D18 Pin=R18-1
Added Pin To Net: NetName=NetR18_2 Pin=R18-2
Added Pin To Net: NetName=D19 Pin=R19-1
Added Pin To Net: NetName=NetR19_2 Pin=R19-2
Added Pin To Net: NetName=D20 Pin=R20-1
Added Pin To Net: NetName=NetR20_2 Pin=R20-2
Added Pin To Net: NetName=D21 Pin=R21-1
Added Pin To Net: NetName=NetR21_2 Pin=R21-2
Added Pin To Net: NetName=D22 Pin=R22-1
Added Pin To Net: NetName=NetR22_2 Pin=R22-2
Added Pin To Net: NetName=D23 Pin=R23-1
Added Pin To Net: NetName=NetR23_2 Pin=R23-2
Added Pin To Net: NetName=D24 Pin=R24-1
Added Pin To Net: NetName=NetR24_2 Pin=R24-2
Added Pin To Net: NetName=D25 Pin=R25-1
Added Pin To Net: NetName=NetR25_2 Pin=R25-2
Added Pin To Net: NetName=D26 Pin=R26-1
Added Pin To Net: NetName=NetR26_2 Pin=R26-2
Added Pin To Net: NetName=D27 Pin=R27-1
Added Pin To Net: NetName=NetR27_2 Pin=R27-2
Added Pin To Net: NetName=D28 Pin=R28-1
Added Pin To Net: NetName=NetR28_2 Pin=R28-2
Added Pin To Net: NetName=D29 Pin=R29-1
Added Pin To Net: NetName=NetR29_2 Pin=R29-2
Added Pin To Net: NetName=D30 Pin=R30-1
Added Pin To Net: NetName=NetR30_2 Pin=R30-2
Added Pin To Net: NetName=D31 Pin=R31-1
Added Pin To Net: NetName=NetR31_2 Pin=R31-2
Added Pin To Net: NetName=D32 Pin=R32-1
Added Pin To Net: NetName=NetR32_2 Pin=R32-2
Added Pin To Net: NetName=D33 Pin=R33-1
Added Pin To Net: NetName=NetR33_2 Pin=R33-2
Added Pin To Net: NetName=D34 Pin=R34-1
Added Pin To Net: NetName=NetR34_2 Pin=R34-2
Added Pin To Net: NetName=D35 Pin=R35-1
Added Pin To Net: NetName=NetR35_2 Pin=R35-2
Added Pin To Net: NetName=D36 Pin=R36-1
Added Pin To Net: NetName=NetR36_2 Pin=R36-2
Added Pin To Net: NetName=D37 Pin=R37-1
Added Pin To Net: NetName=NetR37_2 Pin=R37-2
Added Pin To Net: NetName=D38 Pin=R38-1
Added Pin To Net: NetName=NetR38_2 Pin=R38-2
Added Pin To Net: NetName=D39 Pin=R39-1
Added Pin To Net: NetName=NetR39_2 Pin=R39-2
Added Pin To Net: NetName=D40 Pin=R40-1
Added Pin To Net: NetName=NetR40_2 Pin=R40-2
Added Pin To Net: NetName=D41 Pin=R41-1
Added Pin To Net: NetName=NetR41_2 Pin=R41-2
Added Pin To Net: NetName=D42 Pin=R42-1
Added Pin To Net: NetName=NetR42_2 Pin=R42-2
Added Pin To Net: NetName=D43 Pin=R43-1
Added Pin To Net: NetName=NetR43_2 Pin=R43-2
Added Pin To Net: NetName=D44 Pin=R44-1
Added Pin To Net: NetName=NetR44_2 Pin=R44-2
Added Pin To Net: NetName=D45 Pin=R45-1
Added Pin To Net: NetName=NetR45_2 Pin=R45-2
Added Pin To Net: NetName=D46 Pin=R46-1
Added Pin To Net: NetName=NetR46_2 Pin=R46-2
Added Pin To Net: NetName=D47 Pin=R47-1
Added Pin To Net: NetName=NetR47_2 Pin=R47-2
Added Pin To Net: NetName=D48 Pin=R48-1
Added Pin To Net: NetName=NetR48_2 Pin=R48-2
Added Pin To Net: NetName=D49 Pin=R49-1
Added Pin To Net: NetName=NetR49_2 Pin=R49-2
Added Pin To Net: NetName=D50 Pin=R50-1
Added Pin To Net: NetName=NetR50_2 Pin=R50-2
Added Pin To Net: NetName=D51 Pin=R51-1
Added Pin To Net: NetName=NetR51_2 Pin=R51-2
Added Pin To Net: NetName=D52 Pin=R52-1
Added Pin To Net: NetName=NetR52_2 Pin=R52-2
Added Pin To Net: NetName=D53 Pin=R53-1
Added Pin To Net: NetName=NetR53_2 Pin=R53-2
Added Pin To Net: NetName=D54 Pin=R54-1
Added Pin To Net: NetName=NetR54_2 Pin=R54-2
Added Pin To Net: NetName=D55 Pin=R55-1
Added Pin To Net: NetName=NetR55_2 Pin=R55-2
Added Pin To Net: NetName=D56 Pin=R56-1
Added Pin To Net: NetName=NetR56_2 Pin=R56-2
Added Pin To Net: NetName=D57 Pin=R57-1
Added Pin To Net: NetName=NetR57_2 Pin=R57-2
Added Pin To Net: NetName=D58 Pin=R58-1
Added Pin To Net: NetName=NetR58_2 Pin=R58-2
Added Pin To Net: NetName=D59 Pin=R59-1
Added Pin To Net: NetName=NetR59_2 Pin=R59-2
Added Pin To Net: NetName=D60 Pin=R60-1
Added Pin To Net: NetName=NetR60_2 Pin=R60-2
Added Pin To Net: NetName=D61 Pin=R61-1
Added Pin To Net: NetName=NetR61_2 Pin=R61-2
Added Pin To Net: NetName=D62 Pin=R62-1
Added Pin To Net: NetName=NetR62_2 Pin=R62-2
Added Pin To Net: NetName=D63 Pin=R63-1
Added Pin To Net: NetName=NetR63_2 Pin=R63-2
Added Pin To Net: NetName=D64 Pin=R64-1
Added Pin To Net: NetName=NetR64_2 Pin=R64-2
Added Pin To Net: NetName=NetQ1_1 Pin=Rl1-1
Added Pin To Net: NetName=L_CTL1 Pin=Rl1-2
Added Pin To Net: NetName=NetQ2_1 Pin=Rl2-1
Added Pin To Net: NetName=L_CTL2 Pin=Rl2-2
Added Pin To Net: NetName=NetQ3_1 Pin=Rl3-1
Added Pin To Net: NetName=L_CTL3 Pin=Rl3-2
Added Pin To Net: NetName=NetQ4_1 Pin=Rl4-1
Added Pin To Net: NetName=L_CTL4 Pin=Rl4-2
Added Pin To Net: NetName=NetQ5_1 Pin=Rl5-1
Added Pin To Net: NetName=L_CTL5 Pin=Rl5-2
Added Pin To Net: NetName=NetQ6_1 Pin=Rl6-1
Added Pin To Net: NetName=L_CTL6 Pin=Rl6-2
Added Pin To Net: NetName=NetQ7_1 Pin=Rl7-1
Added Pin To Net: NetName=L_CTL7 Pin=Rl7-2
Added Pin To Net: NetName=NetQ8_1 Pin=Rl8-1
Added Pin To Net: NetName=L_CTL8 Pin=Rl8-2
Added Pin To Net: NetName=GND Pin=S1-1
Added Pin To Net: NetName=INT_KEY Pin=S1-2
Added Pin To Net: NetName=NetP13_1 Pin=U0-1
Added Pin To Net: NetName=NetP13_2 Pin=U0-2
Added Pin To Net: NetName=NetP13_3 Pin=U0-3
Added Pin To Net: NetName=GND Pin=U0-4
Added Pin To Net: NetName=INT_DATA Pin=U0-5
Added Pin To Net: NetName=INT_KEY Pin=U0-6
Added Pin To Net: NetName=D_STATUS Pin=U0-7
Added Pin To Net: NetName=NetP13_8 Pin=U0-8
Added Pin To Net: NetName=NetP13_9 Pin=U0-9
Added Pin To Net: NetName=NetP13_10 Pin=U0-10
Added Pin To Net: NetName=NetP13_11 Pin=U0-11
Added Pin To Net: NetName=SRX Pin=U0-12
Added Pin To Net: NetName=STX Pin=U0-13
Added Pin To Net: NetName=D_TX Pin=U0-14
Added Pin To Net: NetName=D_RX Pin=U0-15
Added Pin To Net: NetName=NetP12_15 Pin=U0-16
Added Pin To Net: NetName=NetP12_14 Pin=U0-17
Added Pin To Net: NetName=NetP12_13 Pin=U0-18
Added Pin To Net: NetName=NetP12_12 Pin=U0-19
Added Pin To Net: NetName=NetP12_11 Pin=U0-20
Added Pin To Net: NetName=NetP12_10 Pin=U0-21
Added Pin To Net: NetName=NetP12_9 Pin=U0-22
Added Pin To Net: NetName=SDA Pin=U0-23
Added Pin To Net: NetName=SCL Pin=U0-24
Added Pin To Net: NetName=NetP12_6 Pin=U0-25
Added Pin To Net: NetName=NetP12_5 Pin=U0-26
Added Pin To Net: NetName=5V_0 Pin=U0-27
Added Pin To Net: NetName=NetP12_3 Pin=U0-28
Added Pin To Net: NetName=GND Pin=U0-29
Added Pin To Net: NetName=VCC Pin=U0-30
Added Pin To Net: NetName=NetJP5_1 Pin=U9-1
Added Pin To Net: NetName=NetJP6_1 Pin=U9-2
Added Pin To Net: NetName=NetJP7_1 Pin=U9-3
Added Pin To Net: NetName=GND Pin=U9-4
Added Pin To Net: NetName=GND Pin=U9-5
Added Pin To Net: NetName=5V Pin=U9-6
Added Pin To Net: NetName=L_CTL8 Pin=U9-7
Added Pin To Net: NetName=GND Pin=U9-8
Added Pin To Net: NetName=L_CTL7 Pin=U9-9
Added Pin To Net: NetName=L_CTL6 Pin=U9-10
Added Pin To Net: NetName=L_CTL5 Pin=U9-11
Added Pin To Net: NetName=L_CTL4 Pin=U9-12
Added Pin To Net: NetName=L_CTL3 Pin=U9-13
Added Pin To Net: NetName=L_CTL2 Pin=U9-14
Added Pin To Net: NetName=L_CTL1 Pin=U9-15
Added Pin To Net: NetName=5V Pin=U9-16
Added Member To Class: ClassName=Copy of LED_Cube_1 Member=Component JP1 0603
Added Member To Class: ClassName=Copy of LED_Cube_1 Member=Component JP2 0603
Added Member To Class: ClassName=Copy of LED_Cube_1 Member=Component JP3 0603
Added Member To Class: ClassName=Copy of LED_Cube_1 Member=Component JP4 0603
Added Member To Class: ClassName=Copy of LED_Cube_1 Member=Component JP5 0603
Added Member To Class: ClassName=Copy of LED_Cube_1 Member=Component JP6 0603
Added Member To Class: ClassName=Copy of LED_Cube_1 Member=Component JP7 0603
Added Member To Class: ClassName=Copy of LED_Cube_1 Member=Component JP8 0603
Added Member To Class: ClassName=Copy of LED_Cube_1 Member=Component JP9 0603
Added Member To Class: ClassName=Copy of LED_Cube_1 Member=Component JP10 0603
Added Member To Class: ClassName=Copy of LED_Cube_1 Member=Component JP11 0603
Added Member To Class: ClassName=Copy of LED_Cube_1 Member=Component JP12 0603
Added Member To Class: ClassName=Copy of LED_Cube_1 Member=Component JP13 0603
Added Member To Class: ClassName=Copy of LED_Cube_1 Member=Component M1 GPS Module
Added Member To Class: ClassName=Copy of LED_Cube_1 Member=Component M2 MPU 6050
Added Member To Class: ClassName=Copy of LED_Cube_1 Member=Component P10 Header 5
Added Member To Class: ClassName=Copy of LED_Cube_1 Member=Component P11 Header 8
Added Member To Class: ClassName=Copy of LED_Cube_1 Member=Component P12 Header 15
Added Member To Class: ClassName=Copy of LED_Cube_1 Member=Component P13 Header 15
Added Member To Class: ClassName=Copy of LED_Cube_1 Member=Component P14 Header 15
Added Member To Class: ClassName=Copy of LED_Cube_1 Member=Component P15 Header 15
Added Member To Class: ClassName=Copy of LED_Cube_1 Member=Component Q0 AO3401
Added Member To Class: ClassName=Copy of LED_Cube_1 Member=Component Q1 AO3401
Added Member To Class: ClassName=Copy of LED_Cube_1 Member=Component Q2 AO3401
Added Member To Class: ClassName=Copy of LED_Cube_1 Member=Component Q3 AO3401
Added Member To Class: ClassName=Copy of LED_Cube_1 Member=Component Q4 AO3401
Added Member To Class: ClassName=Copy of LED_Cube_1 Member=Component Q5 AO3401
Added Member To Class: ClassName=Copy of LED_Cube_1 Member=Component Q6 AO3401
Added Member To Class: ClassName=Copy of LED_Cube_1 Member=Component Q7 AO3401
Added Member To Class: ClassName=Copy of LED_Cube_1 Member=Component Q8 AO3401
Added Member To Class: ClassName=Copy of LED_Cube_1 Member=Component R0 0603
Added Member To Class: ClassName=Copy of LED_Cube_1 Member=Component R01 0603
Added Member To Class: ClassName=Copy of LED_Cube_1 Member=Component R1 0603
Added Member To Class: ClassName=Copy of LED_Cube_1 Member=Component R02 0603
Added Member To Class: ClassName=Copy of LED_Cube_1 Member=Component R2 0603
Added Member To Class: ClassName=Copy of LED_Cube_1 Member=Component R03 0603
Added Member To Class: ClassName=Copy of LED_Cube_1 Member=Component R3 0603
Added Member To Class: ClassName=Copy of LED_Cube_1 Member=Component R04 0603
Added Member To Class: ClassName=Copy of LED_Cube_1 Member=Component R4 0603
Added Member To Class: ClassName=Copy of LED_Cube_1 Member=Component R5 0603
Added Member To Class: ClassName=Copy of LED_Cube_1 Member=Component R6 0603
Added Member To Class: ClassName=Copy of LED_Cube_1 Member=Component R7 0603
Added Member To Class: ClassName=Copy of LED_Cube_1 Member=Component R8 0603
Added Member To Class: ClassName=Copy of LED_Cube_1 Member=Component R9 0603
Added Member To Class: ClassName=Copy of LED_Cube_1 Member=Component R10 0603
Added Member To Class: ClassName=Copy of LED_Cube_1 Member=Component R11 0603
Added Member To Class: ClassName=Copy of LED_Cube_1 Member=Component R12 0603
Added Member To Class: ClassName=Copy of LED_Cube_1 Member=Component R13 0603
Added Member To Class: ClassName=Copy of LED_Cube_1 Member=Component R14 0603
Added Member To Class: ClassName=Copy of LED_Cube_1 Member=Component R15 0603
Added Member To Class: ClassName=Copy of LED_Cube_1 Member=Component R16 0603
Added Member To Class: ClassName=Copy of LED_Cube_1 Member=Component R17 0603
Added Member To Class: ClassName=Copy of LED_Cube_1 Member=Component R18 0603
Added Member To Class: ClassName=Copy of LED_Cube_1 Member=Component R19 0603
Added Member To Class: ClassName=Copy of LED_Cube_1 Member=Component R20 0603
Added Member To Class: ClassName=Copy of LED_Cube_1 Member=Component R21 0603
Added Member To Class: ClassName=Copy of LED_Cube_1 Member=Component R22 0603
Added Member To Class: ClassName=Copy of LED_Cube_1 Member=Component R23 0603
Added Member To Class: ClassName=Copy of LED_Cube_1 Member=Component R24 0603
Added Member To Class: ClassName=Copy of LED_Cube_1 Member=Component R25 0603
Added Member To Class: ClassName=Copy of LED_Cube_1 Member=Component R26 0603
Added Member To Class: ClassName=Copy of LED_Cube_1 Member=Component R27 0603
Added Member To Class: ClassName=Copy of LED_Cube_1 Member=Component R28 0603
Added Member To Class: ClassName=Copy of LED_Cube_1 Member=Component R29 0603
Added Member To Class: ClassName=Copy of LED_Cube_1 Member=Component R30 0603
Added Member To Class: ClassName=Copy of LED_Cube_1 Member=Component R31 0603
Added Member To Class: ClassName=Copy of LED_Cube_1 Member=Component R32 0603
Added Member To Class: ClassName=Copy of LED_Cube_1 Member=Component R33 0603
Added Member To Class: ClassName=Copy of LED_Cube_1 Member=Component R34 0603
Added Member To Class: ClassName=Copy of LED_Cube_1 Member=Component R35 0603
Added Member To Class: ClassName=Copy of LED_Cube_1 Member=Component R36 0603
Added Member To Class: ClassName=Copy of LED_Cube_1 Member=Component R37 0603
Added Member To Class: ClassName=Copy of LED_Cube_1 Member=Component R38 0603
Added Member To Class: ClassName=Copy of LED_Cube_1 Member=Component R39 0603
Added Member To Class: ClassName=Copy of LED_Cube_1 Member=Component R40 0603
Added Member To Class: ClassName=Copy of LED_Cube_1 Member=Component R41 0603
Added Member To Class: ClassName=Copy of LED_Cube_1 Member=Component R42 0603
Added Member To Class: ClassName=Copy of LED_Cube_1 Member=Component R43 0603
Added Member To Class: ClassName=Copy of LED_Cube_1 Member=Component R44 0603
Added Member To Class: ClassName=Copy of LED_Cube_1 Member=Component R45 0603
Added Member To Class: ClassName=Copy of LED_Cube_1 Member=Component R46 0603
Added Member To Class: ClassName=Copy of LED_Cube_1 Member=Component R47 0603
Added Member To Class: ClassName=Copy of LED_Cube_1 Member=Component R48 0603
Added Member To Class: ClassName=Copy of LED_Cube_1 Member=Component R49 0603
Added Member To Class: ClassName=Copy of LED_Cube_1 Member=Component R50 0603
Added Member To Class: ClassName=Copy of LED_Cube_1 Member=Component R51 0603
Added Member To Class: ClassName=Copy of LED_Cube_1 Member=Component R52 0603
Added Member To Class: ClassName=Copy of LED_Cube_1 Member=Component R53 0603
Added Member To Class: ClassName=Copy of LED_Cube_1 Member=Component R54 0603
Added Member To Class: ClassName=Copy of LED_Cube_1 Member=Component R55 0603
Added Member To Class: ClassName=Copy of LED_Cube_1 Member=Component R56 0603
Added Member To Class: ClassName=Copy of LED_Cube_1 Member=Component R57 0603
Added Member To Class: ClassName=Copy of LED_Cube_1 Member=Component R58 0603
Added Member To Class: ClassName=Copy of LED_Cube_1 Member=Component R59 0603
Added Member To Class: ClassName=Copy of LED_Cube_1 Member=Component R60 0603
Added Member To Class: ClassName=Copy of LED_Cube_1 Member=Component R61 0603
Added Member To Class: ClassName=Copy of LED_Cube_1 Member=Component R62 0603
Added Member To Class: ClassName=Copy of LED_Cube_1 Member=Component R63 0603
Added Member To Class: ClassName=Copy of LED_Cube_1 Member=Component R64 0603
Added Member To Class: ClassName=Copy of LED_Cube_1 Member=Component Rl1 0603
Added Member To Class: ClassName=Copy of LED_Cube_1 Member=Component Rl2 0603
Added Member To Class: ClassName=Copy of LED_Cube_1 Member=Component Rl3 0603
Added Member To Class: ClassName=Copy of LED_Cube_1 Member=Component Rl4 0603
Added Member To Class: ClassName=Copy of LED_Cube_1 Member=Component Rl5 0603
Added Member To Class: ClassName=Copy of LED_Cube_1 Member=Component Rl6 0603
Added Member To Class: ClassName=Copy of LED_Cube_1 Member=Component Rl7 0603
Added Member To Class: ClassName=Copy of LED_Cube_1 Member=Component Rl8 0603
Added Member To Class: ClassName=Copy of LED_Cube_1 Member=Component S1 SW-PB
Added Member To Class: ClassName=Copy of LED_Cube_1 Member=Component U0 Arduino Nano
Added Member To Class: ClassName=Copy of LED_Cube_1 Member=Component U9 MC74HC138AD
Added Room: Name=Copy of LED_Cube_1
